<?xml version="1.0" encoding="UTF-8"?>
<testsuite name="org.example.controllers.TimeOffRequestControllerTest" tests="2" skipped="0" failures="0" errors="0" timestamp="2024-06-10T08:30:10" hostname="LAPTOP-5PA87F5C" time="0.613">
  <properties/>
  <testcase name="shouldSubmitRequest()" classname="org.example.controllers.TimeOffRequestControllerTest" time="0.563"/>
  <testcase name="getHolidays()" classname="org.example.controllers.TimeOffRequestControllerTest" time="0.048"/>
  <system-out><![CDATA[  .   ____          _            __ _ _
 /\\ / ___'_ __ _ _(_)_ __  __ _ \ \ \ \
( ( )\___ | '_ | '_| | '_ \/ _` | \ \ \ \
 \\/  ___)| |_)| | | | | || (_| |  ) ) ) )
  '  |____| .__|_| |_|_| |_\__, | / / / /
 =========|_|==============|___/=/_/_/_/

 :: Spring Boot ::                (v3.3.0)

2024-06-10T12:30:06.231+04:00  INFO 39476 --- [    Test worker] o.e.c.TimeOffRequestControllerTest       : Starting TimeOffRequestControllerTest using Java 21.0.1 with PID 39476 (started by Yury in C:\Users\Yury\Documents\GitHub\cercli-test-task\mainModule)
2024-06-10T12:30:06.234+04:00  INFO 39476 --- [    Test worker] o.e.c.TimeOffRequestControllerTest       : The following 1 profile is active: "test"
2024-06-10T12:30:06.735+04:00  INFO 39476 --- [    Test worker] .s.d.r.c.RepositoryConfigurationDelegate : Bootstrapping Spring Data JDBC repositories in DEFAULT mode.
2024-06-10T12:30:06.786+04:00  INFO 39476 --- [    Test worker] .s.d.r.c.RepositoryConfigurationDelegate : Finished Spring Data repository scanning in 47 ms. Found 3 JDBC repository interfaces.
2024-06-10T12:30:08.488+04:00  INFO 39476 --- [    Test worker] o.s.b.w.embedded.tomcat.TomcatWebServer  : Tomcat initialized with port 0 (http)
2024-06-10T12:30:08.510+04:00  INFO 39476 --- [    Test worker] o.apache.catalina.core.StandardService   : Starting service [Tomcat]
2024-06-10T12:30:08.511+04:00  INFO 39476 --- [    Test worker] o.apache.catalina.core.StandardEngine    : Starting Servlet engine: [Apache Tomcat/10.1.24]
2024-06-10T12:30:08.588+04:00  INFO 39476 --- [    Test worker] o.a.c.c.C.[Tomcat].[localhost].[/]       : Initializing Spring embedded WebApplicationContext
2024-06-10T12:30:08.589+04:00  INFO 39476 --- [    Test worker] w.s.c.ServletWebServerApplicationContext : Root WebApplicationContext: initialization completed in 2340 ms
2024-06-10T12:30:08.792+04:00  INFO 39476 --- [    Test worker] com.zaxxer.hikari.HikariDataSource       : HikariPool-1 - Starting...
2024-06-10T12:30:09.094+04:00  INFO 39476 --- [    Test worker] com.zaxxer.hikari.pool.HikariPool        : HikariPool-1 - Added connection conn0: url=jdbc:h2:mem:1729a993-2276-48c2-9cb8-f57504f1dabd user=SA
2024-06-10T12:30:09.097+04:00  INFO 39476 --- [    Test worker] com.zaxxer.hikari.HikariDataSource       : HikariPool-1 - Start completed.
2024-06-10T12:30:10.871+04:00  INFO 39476 --- [    Test worker] o.s.b.w.embedded.tomcat.TomcatWebServer  : Tomcat started on port 63053 (http) with context path '/'
2024-06-10T12:30:10.881+04:00  INFO 39476 --- [    Test worker] o.e.c.TimeOffRequestControllerTest       : Started TimeOffRequestControllerTest in 4.88 seconds (process running for 5.774)
2024-06-10T12:30:11.300+04:00  INFO 39476 --- [o-auto-1-exec-1] o.a.c.c.C.[Tomcat].[localhost].[/]       : Initializing Spring DispatcherServlet 'dispatcherServlet'
2024-06-10T12:30:11.301+04:00  INFO 39476 --- [o-auto-1-exec-1] o.s.web.servlet.DispatcherServlet        : Initializing Servlet 'dispatcherServlet'
2024-06-10T12:30:11.303+04:00  INFO 39476 --- [o-auto-1-exec-1] o.s.web.servlet.DispatcherServlet        : Completed initialization in 2 ms
2024-06-10T12:30:11.365+04:00  INFO 39476 --- [o-auto-1-exec-1] o.e.c.TimeOffRequestController           : Processing time off request for user 780b9c54-2561-46a9-8625-b70367e32e9a
2024-06-10T12:30:11.370+04:00  INFO 39476 --- [o-auto-1-exec-1] org.example.service.TimeOffService       : Processing time off request for 780b9c54-2561-46a9-8625-b70367e32e9a user
2024-06-10T12:30:11.374+04:00  INFO 39476 --- [o-auto-1-exec-1] org.example.service.TimeOffService       : Found 0 time off requests
2024-06-10T12:30:11.375+04:00  INFO 39476 --- [o-auto-1-exec-1] org.example.service.TimeOffService       : Saving time off request for user 780b9c54-2561-46a9-8625-b70367e32e9a
2024-06-10T12:30:11.494+04:00  INFO 39476 --- [o-auto-1-exec-2] o.e.c.TimeOffRequestController           : Resolving holidays for user 61600eda-d3de-44f0-ac5b-d0d9de9bc3e1 starting from 2024-06-10
2024-06-10T12:30:11.524+04:00  INFO 39476 --- [    Test worker] com.zaxxer.hikari.HikariDataSource       : HikariPool-1 - Shutdown initiated...
2024-06-10T12:30:11.526+04:00  INFO 39476 --- [    Test worker] com.zaxxer.hikari.HikariDataSource       : HikariPool-1 - Shutdown completed.
]]></system-out>
  <system-err><![CDATA[WARNING: A Java agent has been loaded dynamically (C:\Users\Yury\.gradle\caches\modules-2\files-2.1\net.bytebuddy\byte-buddy-agent\1.14.12\be4984cb6fd1ef1d11f218a648889dfda44b8a15\byte-buddy-agent-1.14.12.jar)
WARNING: If a serviceability tool is in use, please run with -XX:+EnableDynamicAgentLoading to hide this warning
WARNING: If a serviceability tool is not in use, please run with -Djdk.instrument.traceUsage for more information
WARNING: Dynamic loading of agents will be disallowed by default in a future release
]]></system-err>
</testsuite>
