<?xml version="1.0" encoding="UTF-8"?>
<testsuite name="org.example.service.EmployeeServiceTest" tests="3" skipped="0" failures="0" errors="0" timestamp="2024-06-10T08:30:11" hostname="LAPTOP-5PA87F5C" time="0.084">
  <properties/>
  <testcase name="shouldUpdate()" classname="org.example.service.EmployeeServiceTest" time="0.054"/>
  <testcase name="shouldWrite()" classname="org.example.service.EmployeeServiceTest" time="0.008"/>
  <testcase name="shouldListAll()" classname="org.example.service.EmployeeServiceTest" time="0.019"/>
  <system-out><![CDATA[  .   ____          _            __ _ _
 /\\ / ___'_ __ _ _(_)_ __  __ _ \ \ \ \
( ( )\___ | '_ | '_| | '_ \/ _` | \ \ \ \
 \\/  ___)| |_)| | | | | || (_| |  ) ) ) )
  '  |____| .__|_| |_|_| |_\__, | / / / /
 =========|_|==============|___/=/_/_/_/

 :: Spring Boot ::                (v3.3.0)

2024-06-10T12:30:11.571+04:00  INFO 39476 --- [    Test worker] o.example.service.EmployeeServiceTest    : Starting EmployeeServiceTest using Java 21.0.1 with PID 39476 (started by Yury in C:\Users\Yury\Documents\GitHub\cercli-test-task\mainModule)
2024-06-10T12:30:11.571+04:00  INFO 39476 --- [    Test worker] o.example.service.EmployeeServiceTest    : The following 1 profile is active: "test"
2024-06-10T12:30:11.723+04:00  INFO 39476 --- [    Test worker] .s.d.r.c.RepositoryConfigurationDelegate : Bootstrapping Spring Data JDBC repositories in DEFAULT mode.
2024-06-10T12:30:11.732+04:00  INFO 39476 --- [    Test worker] .s.d.r.c.RepositoryConfigurationDelegate : Finished Spring Data repository scanning in 8 ms. Found 3 JDBC repository interfaces.
2024-06-10T12:30:11.783+04:00  INFO 39476 --- [    Test worker] o.s.b.w.embedded.tomcat.TomcatWebServer  : Tomcat initialized with port 0 (http)
2024-06-10T12:30:11.784+04:00  INFO 39476 --- [    Test worker] o.apache.catalina.core.StandardService   : Starting service [Tomcat]
2024-06-10T12:30:11.785+04:00  INFO 39476 --- [    Test worker] o.apache.catalina.core.StandardEngine    : Starting Servlet engine: [Apache Tomcat/10.1.24]
2024-06-10T12:30:11.804+04:00  INFO 39476 --- [    Test worker] o.a.c.c.C.[Tomcat].[localhost].[/]       : Initializing Spring embedded WebApplicationContext
2024-06-10T12:30:11.804+04:00  INFO 39476 --- [    Test worker] w.s.c.ServletWebServerApplicationContext : Root WebApplicationContext: initialization completed in 231 ms
2024-06-10T12:30:11.869+04:00  INFO 39476 --- [    Test worker] com.zaxxer.hikari.HikariDataSource       : HikariPool-2 - Starting...
2024-06-10T12:30:11.872+04:00  INFO 39476 --- [    Test worker] com.zaxxer.hikari.pool.HikariPool        : HikariPool-2 - Added connection conn10: url=jdbc:h2:mem:6d6042b1-d59f-4fcc-b0e5-df504061d2ef user=SA
2024-06-10T12:30:11.872+04:00  INFO 39476 --- [    Test worker] com.zaxxer.hikari.HikariDataSource       : HikariPool-2 - Start completed.
2024-06-10T12:30:11.989+04:00  INFO 39476 --- [    Test worker] o.s.b.w.embedded.tomcat.TomcatWebServer  : Tomcat started on port 63063 (http) with context path '/'
2024-06-10T12:30:11.991+04:00  INFO 39476 --- [    Test worker] o.example.service.EmployeeServiceTest    : Started EmployeeServiceTest in 0.446 seconds (process running for 6.884)
2024-06-10T12:30:12.085+04:00  INFO 39476 --- [    Test worker] com.zaxxer.hikari.HikariDataSource       : HikariPool-2 - Shutdown initiated...
2024-06-10T12:30:12.102+04:00  INFO 39476 --- [    Test worker] com.zaxxer.hikari.HikariDataSource       : HikariPool-2 - Shutdown completed.
]]></system-out>
  <system-err><![CDATA[]]></system-err>
</testsuite>
